2024-05-30 17:38:42,768 - __main__ - DEBUG - Setting up CLI options.
2024-05-30 17:38:42,772 - __main__ - DEBUG - Setting up counters for simple check results.
2024-05-30 17:38:42,772 - __main__ - DEBUG - Setting up input and output folder paths.
2024-05-30 17:38:42,772 - __main__ - DEBUG - Setting up image info folder path.
2024-05-30 17:38:42,772 - __main__ - DEBUG - Creating output and image info folders if they do not exist.
2024-05-30 17:38:42,772 - __main__ - DEBUG - Setting up image file extensions.
2024-05-30 17:38:42,773 - __main__ - DEBUG - Getting subdirectories in lossless_folder.
2024-05-30 17:38:42,788 - __main__ - DEBUG - Counting subdirectories in lossless_folder.
2024-05-30 17:38:42,788 - __main__ - DEBUG - Getting subdirectories in optimized_folder.
2024-05-30 17:38:42,789 - __main__ - DEBUG - Counting subdirectories in optimized_folder.
2024-05-30 17:38:42,790 - __main__ - DEBUG - Processing subdir 1 of 4: FF5 A
2024-05-30 17:38:42,803 - __main__ - DEBUG - Got images from subdirectory: [WindowsPath('TEMP/lossless/FF5 A/ファイナルファンタジーⅤ アドバンス 公式コンプリートガイド_cover.jp2'), WindowsPath('TEMP/lossless/FF5 A/ファイナルファンタジーⅤ アドバンス 公式コンプリートガイド_p0000.jp2'), WindowsPath('TEMP/lossless/FF5 A/ファイナルファンタジーⅤ アドバンス 公式コンプリートガイド_p0001.jp2'), WindowsPath('TEMP/lossless/FF5 A/ファイナルファンタジーⅤ アドバンス 公式コンプリートガイド_z0001.jp2'), WindowsPath('TEMP/lossless/FF5 A/ファイナルファンタジーⅤ アドバンス 公式コンプリートガイド_z0002.jp2')]
2024-05-30 17:38:42,803 - __main__ - DEBUG - Got total images count: 5
2024-05-30 17:38:42,804 - __main__ - DEBUG - Got total _p images count: 0
2024-05-30 17:38:42,805 - __main__ - DEBUG - Set PDF filename: OriginalPDF\FF5 A.pdf
2024-05-30 17:38:42,805 - __main__ - DEBUG - Set layout function as None.
2024-05-30 17:38:42,805 - __main__ - DEBUG - Converting image 1 of 5 in subdir FF5 A
2024-05-30 17:38:42,909 - __main__ - DEBUG - Got image path and subdirectory name: C:\Data\Documents\Programming\MyProjects\json3pdf\TEMP\lossless\FF5 A\ファイナルファンタジーⅤ アドバンス 公式コンプリートガイド_cover.jp2, FF5 A
2024-05-30 17:38:42,909 - __main__ - DEBUG - Set PDF directory name: OriginalPDF
2024-05-30 17:38:42,909 - __main__ - DEBUG - Getting image information.
2024-05-30 17:38:42,909 - __main__ - DEBUG - Image log file path: ./imagelog_folder/imagelog_file.imglog
2024-05-30 17:38:42,909 - __main__ - DEBUG - Image filename: C:\Data\Documents\Programming\MyProjects\json3pdf\TEMP\lossless\FF5 A\ファイナルファンタジーⅤ アドバンス 公式コンプリートガイド_cover.jp2
2024-05-30 17:38:42,910 - __main__ - DEBUG - Image resolution: (3487, 5016)
2024-05-30 17:38:42,910 - __main__ - DEBUG - Image encoding format: JPEG2000
2024-05-30 17:38:42,910 - __main__ - DEBUG - Filename page: 1
2024-05-30 17:38:42,911 - __main__ - DEBUG - Calculating estimated DPI.
2024-05-30 17:38:42,911 - __main__ - DEBUG - Determining if the image is lossless.
2024-05-30 17:38:42,911 - __main__ - DEBUG - Determining if the image is lossless.
2024-05-30 17:38:42,911 - __main__ - DEBUG - Generating image info filename.
2024-05-30 17:38:42,911 - __main__ - DEBUG - Getting the path of the directory where the script is located.
2024-05-30 17:38:42,911 - __main__ - DEBUG - Converting filename to relative path.
2024-05-30 17:38:42,911 - __main__ - DEBUG - Image log file path: TEMP\imagelogs\20240530173842.imglog
2024-05-30 17:38:42,911 - __main__ - DEBUG - Storing image info in a dictionary.
2024-05-30 17:38:42,911 - __main__ - DEBUG - Getting the path of the directory where the script is located.
2024-05-30 17:38:42,911 - __main__ - DEBUG - Converting filename to relative path.
2024-05-30 17:38:42,911 - __main__ - DEBUG - Writing image info to imagelog file.
2024-05-30 17:38:42,913 - __main__ - DEBUG - Returning estimated DPI: 600
2024-05-30 17:38:42,914 - __main__ - DEBUG - Got DPI, estimated DPI, width and height in points: (600, 600), 600, 418.44, 601.92
2024-05-30 17:38:42,914 - __main__ - DEBUG - Converted width and height to inches: 5.8116666666666665, 8.36
2024-05-30 17:38:42,914 - __main__ - DEBUG - Found closest page size: A5, (420, 595)
2024-05-30 17:38:42,915 - __main__ - DEBUG - Got layout function: <function get_layout_fun.<locals>.layout_fun at 0x000001A7DBB73740>
2024-05-30 17:38:42,915 - __main__ - DEBUG - Got actual page size: 3487, 5016
2024-05-30 17:38:42,915 - __main__ - DEBUG - Set NDPI: 600
2024-05-30 17:38:42,915 - root - ERROR - Error in getting PDF page size from layout_fun: 'int' object is not subscriptable
2024-05-30 17:38:42,915 - root - ERROR - Error in checking page size match: name 'pdf_page_size' is not defined
2024-05-30 17:38:42,916 - __main__ - DEBUG - Appended image path to image_files: TEMP\lossless\FF5 A\ファイナルファンタジーⅤ アドバンス 公式コンプリートガイド_cover.jp2
2024-05-30 17:38:42,916 - __main__ - DEBUG - Converting image 2 of 5 in subdir FF5 A
2024-05-30 17:38:42,916 - __main__ - DEBUG - Got image path and subdirectory name: C:\Data\Documents\Programming\MyProjects\json3pdf\TEMP\lossless\FF5 A\ファイナルファンタジーⅤ アドバンス 公式コンプリートガイド_p0000.jp2, FF5 A
2024-05-30 17:38:42,916 - __main__ - DEBUG - Set PDF directory name: OriginalPDF
2024-05-30 17:38:42,917 - __main__ - DEBUG - Getting image information.
2024-05-30 17:38:42,917 - __main__ - DEBUG - Image log file path: ./imagelog_folder/imagelog_file.imglog
2024-05-30 17:38:42,917 - __main__ - DEBUG - Image filename: C:\Data\Documents\Programming\MyProjects\json3pdf\TEMP\lossless\FF5 A\ファイナルファンタジーⅤ アドバンス 公式コンプリートガイド_p0000.jp2
2024-05-30 17:38:42,917 - __main__ - DEBUG - Image resolution: (3487, 5016)
2024-05-30 17:38:42,917 - __main__ - DEBUG - Image encoding format: JPEG2000
2024-05-30 17:38:42,917 - __main__ - DEBUG - Filename page: 2
2024-05-30 17:38:42,917 - __main__ - DEBUG - Calculating estimated DPI.
2024-05-30 17:38:42,917 - __main__ - DEBUG - Determining if the image is lossless.
2024-05-30 17:38:42,917 - __main__ - DEBUG - Determining if the image is lossless.
2024-05-30 17:38:42,917 - __main__ - DEBUG - Generating image info filename.
2024-05-30 17:38:42,917 - __main__ - DEBUG - Getting the path of the directory where the script is located.
2024-05-30 17:38:42,917 - __main__ - DEBUG - Converting filename to relative path.
2024-05-30 17:38:42,917 - __main__ - DEBUG - Image log file path: TEMP\imagelogs\20240530173842.imglog
2024-05-30 17:38:42,918 - __main__ - DEBUG - Storing image info in a dictionary.
2024-05-30 17:38:42,918 - __main__ - DEBUG - Getting the path of the directory where the script is located.
2024-05-30 17:38:42,918 - __main__ - DEBUG - Converting filename to relative path.
2024-05-30 17:38:42,918 - __main__ - DEBUG - Writing image info to imagelog file.
2024-05-30 17:38:42,919 - __main__ - DEBUG - Returning estimated DPI: 600
2024-05-30 17:38:42,919 - __main__ - DEBUG - Got DPI, estimated DPI, width and height in points: (600, 600), 600, 418.44, 601.92
2024-05-30 17:38:42,919 - __main__ - DEBUG - Converted width and height to inches: 5.8116666666666665, 8.36
2024-05-30 17:38:42,919 - __main__ - DEBUG - Found closest page size: A5, (420, 595)
2024-05-30 17:38:42,920 - __main__ - DEBUG - Got layout function: <function get_layout_fun.<locals>.layout_fun at 0x000001A7DBB73BA0>
2024-05-30 17:38:42,920 - __main__ - DEBUG - Got actual page size: 3487, 5016
2024-05-30 17:38:42,920 - __main__ - DEBUG - Set NDPI: 600
2024-05-30 17:38:42,920 - root - ERROR - Error in getting PDF page size from layout_fun: 'int' object is not subscriptable
2024-05-30 17:38:42,920 - root - ERROR - Error in checking page size match: name 'pdf_page_size' is not defined
2024-05-30 17:38:42,920 - __main__ - DEBUG - Appended image path to image_files: TEMP\lossless\FF5 A\ファイナルファンタジーⅤ アドバンス 公式コンプリートガイド_p0000.jp2
2024-05-30 17:38:42,921 - __main__ - DEBUG - Converting image 3 of 5 in subdir FF5 A
2024-05-30 17:38:42,921 - __main__ - DEBUG - Got image path and subdirectory name: C:\Data\Documents\Programming\MyProjects\json3pdf\TEMP\lossless\FF5 A\ファイナルファンタジーⅤ アドバンス 公式コンプリートガイド_p0001.jp2, FF5 A
2024-05-30 17:38:42,921 - __main__ - DEBUG - Set PDF directory name: OriginalPDF
2024-05-30 17:38:42,921 - __main__ - DEBUG - Getting image information.
2024-05-30 17:38:42,921 - __main__ - DEBUG - Image log file path: ./imagelog_folder/imagelog_file.imglog
2024-05-30 17:38:42,922 - __main__ - DEBUG - Image filename: C:\Data\Documents\Programming\MyProjects\json3pdf\TEMP\lossless\FF5 A\ファイナルファンタジーⅤ アドバンス 公式コンプリートガイド_p0001.jp2
2024-05-30 17:38:42,922 - __main__ - DEBUG - Image resolution: (3495, 5008)
2024-05-30 17:38:42,922 - __main__ - DEBUG - Image encoding format: JPEG2000
2024-05-30 17:38:42,922 - __main__ - DEBUG - Filename page: 3
2024-05-30 17:38:42,922 - __main__ - DEBUG - Calculating estimated DPI.
2024-05-30 17:38:42,922 - __main__ - DEBUG - Determining if the image is lossless.
2024-05-30 17:38:42,922 - __main__ - DEBUG - Determining if the image is lossless.
2024-05-30 17:38:42,922 - __main__ - DEBUG - Generating image info filename.
2024-05-30 17:38:42,922 - __main__ - DEBUG - Getting the path of the directory where the script is located.
2024-05-30 17:38:42,922 - __main__ - DEBUG - Converting filename to relative path.
2024-05-30 17:38:42,922 - __main__ - DEBUG - Image log file path: TEMP\imagelogs\20240530173842.imglog
2024-05-30 17:38:42,922 - __main__ - DEBUG - Storing image info in a dictionary.
2024-05-30 17:38:42,922 - __main__ - DEBUG - Getting the path of the directory where the script is located.
2024-05-30 17:38:42,923 - __main__ - DEBUG - Converting filename to relative path.
2024-05-30 17:38:42,923 - __main__ - DEBUG - Writing image info to imagelog file.
2024-05-30 17:38:42,923 - __main__ - DEBUG - Returning estimated DPI: 600
2024-05-30 17:38:42,924 - __main__ - DEBUG - Got DPI, estimated DPI, width and height in points: (600, 600), 600, 419.40000000000003, 600.9599999999999
2024-05-30 17:38:42,925 - __main__ - DEBUG - Converted width and height to inches: 5.825, 8.346666666666666
2024-05-30 17:38:42,925 - __main__ - DEBUG - Found closest page size: A5, (420, 595)
2024-05-30 17:38:42,925 - __main__ - DEBUG - Got layout function: <function get_layout_fun.<locals>.layout_fun at 0x000001A7DBB73240>
2024-05-30 17:38:42,926 - __main__ - DEBUG - Got actual page size: 3495, 5008
2024-05-30 17:38:42,926 - __main__ - DEBUG - Set NDPI: 600
2024-05-30 17:38:42,926 - root - ERROR - Error in getting PDF page size from layout_fun: 'int' object is not subscriptable
2024-05-30 17:38:42,926 - root - ERROR - Error in checking page size match: name 'pdf_page_size' is not defined
2024-05-30 17:38:42,926 - __main__ - DEBUG - Appended image path to image_files: TEMP\lossless\FF5 A\ファイナルファンタジーⅤ アドバンス 公式コンプリートガイド_p0001.jp2
2024-05-30 17:38:42,926 - __main__ - DEBUG - Converting image 4 of 5 in subdir FF5 A
2024-05-30 17:38:42,928 - __main__ - DEBUG - Got image path and subdirectory name: C:\Data\Documents\Programming\MyProjects\json3pdf\TEMP\lossless\FF5 A\ファイナルファンタジーⅤ アドバンス 公式コンプリートガイド_z0001.jp2, FF5 A
2024-05-30 17:38:42,928 - __main__ - DEBUG - Set PDF directory name: OriginalPDF
2024-05-30 17:38:42,928 - __main__ - DEBUG - Getting image information.
2024-05-30 17:38:42,928 - __main__ - DEBUG - Image log file path: ./imagelog_folder/imagelog_file.imglog
2024-05-30 17:38:42,928 - __main__ - DEBUG - Image filename: C:\Data\Documents\Programming\MyProjects\json3pdf\TEMP\lossless\FF5 A\ファイナルファンタジーⅤ アドバンス 公式コンプリートガイド_z0001.jp2
2024-05-30 17:38:42,928 - __main__ - DEBUG - Image resolution: (3495, 5008)
2024-05-30 17:38:42,928 - __main__ - DEBUG - Image encoding format: JPEG2000
2024-05-30 17:38:42,928 - __main__ - DEBUG - Updated total_p to: 1
2024-05-30 17:38:42,928 - __main__ - DEBUG - Filename page: 4
2024-05-30 17:38:42,928 - __main__ - DEBUG - Calculating estimated DPI.
2024-05-30 17:38:42,928 - __main__ - DEBUG - Determining if the image is lossless.
2024-05-30 17:38:42,929 - __main__ - DEBUG - Determining if the image is lossless.
2024-05-30 17:38:42,929 - __main__ - DEBUG - Generating image info filename.
2024-05-30 17:38:42,929 - __main__ - DEBUG - Getting the path of the directory where the script is located.
2024-05-30 17:38:42,929 - __main__ - DEBUG - Converting filename to relative path.
2024-05-30 17:38:42,929 - __main__ - DEBUG - Image log file path: TEMP\imagelogs\20240530173842.imglog
2024-05-30 17:38:42,929 - __main__ - DEBUG - Storing image info in a dictionary.
2024-05-30 17:38:42,929 - __main__ - DEBUG - Getting the path of the directory where the script is located.
2024-05-30 17:38:42,929 - __main__ - DEBUG - Converting filename to relative path.
2024-05-30 17:38:42,929 - __main__ - DEBUG - Writing image info to imagelog file.
2024-05-30 17:38:42,931 - __main__ - DEBUG - Returning estimated DPI: 600
2024-05-30 17:38:42,931 - __main__ - DEBUG - Got DPI, estimated DPI, width and height in points: (600, 600), 600, 419.40000000000003, 600.9599999999999
2024-05-30 17:38:42,931 - __main__ - DEBUG - Converted width and height to inches: 5.825, 8.346666666666666
2024-05-30 17:38:42,931 - __main__ - DEBUG - Found closest page size: A5, (420, 595)
2024-05-30 17:38:42,932 - __main__ - DEBUG - Got layout function: <function get_layout_fun.<locals>.layout_fun at 0x000001A7DBB73CE0>
2024-05-30 17:38:42,932 - __main__ - DEBUG - Got actual page size: 3495, 5008
2024-05-30 17:38:42,932 - __main__ - DEBUG - Set NDPI: 600
2024-05-30 17:38:42,932 - root - ERROR - Error in getting PDF page size from layout_fun: 'int' object is not subscriptable
2024-05-30 17:38:42,932 - root - ERROR - Error in checking page size match: name 'pdf_page_size' is not defined
2024-05-30 17:38:42,932 - __main__ - DEBUG - Appended image path to image_files: TEMP\lossless\FF5 A\ファイナルファンタジーⅤ アドバンス 公式コンプリートガイド_z0001.jp2
2024-05-30 17:38:42,933 - __main__ - DEBUG - Converting image 5 of 5 in subdir FF5 A
2024-05-30 17:38:42,934 - __main__ - DEBUG - Got image path and subdirectory name: C:\Data\Documents\Programming\MyProjects\json3pdf\TEMP\lossless\FF5 A\ファイナルファンタジーⅤ アドバンス 公式コンプリートガイド_z0002.jp2, FF5 A
2024-05-30 17:38:42,934 - __main__ - DEBUG - Set PDF directory name: OriginalPDF
2024-05-30 17:38:42,934 - __main__ - DEBUG - Getting image information.
2024-05-30 17:38:42,935 - __main__ - DEBUG - Image log file path: ./imagelog_folder/imagelog_file.imglog
2024-05-30 17:38:42,935 - __main__ - DEBUG - Image filename: C:\Data\Documents\Programming\MyProjects\json3pdf\TEMP\lossless\FF5 A\ファイナルファンタジーⅤ アドバンス 公式コンプリートガイド_z0002.jp2
2024-05-30 17:38:42,935 - __main__ - DEBUG - Image resolution: (3495, 5008)
2024-05-30 17:38:42,935 - __main__ - DEBUG - Image encoding format: JPEG2000
2024-05-30 17:38:42,935 - __main__ - DEBUG - Updated total_p to: 1
2024-05-30 17:38:42,935 - __main__ - DEBUG - Filename page: 5
2024-05-30 17:38:42,935 - __main__ - DEBUG - Calculating estimated DPI.
2024-05-30 17:38:42,936 - __main__ - DEBUG - Determining if the image is lossless.
2024-05-30 17:38:42,936 - __main__ - DEBUG - Determining if the image is lossless.
2024-05-30 17:38:42,936 - __main__ - DEBUG - Generating image info filename.
2024-05-30 17:38:42,936 - __main__ - DEBUG - Getting the path of the directory where the script is located.
2024-05-30 17:38:42,936 - __main__ - DEBUG - Converting filename to relative path.
2024-05-30 17:38:42,936 - __main__ - DEBUG - Image log file path: TEMP\imagelogs\20240530173842.imglog
2024-05-30 17:38:42,936 - __main__ - DEBUG - Storing image info in a dictionary.
2024-05-30 17:38:42,936 - __main__ - DEBUG - Getting the path of the directory where the script is located.
2024-05-30 17:38:42,936 - __main__ - DEBUG - Converting filename to relative path.
2024-05-30 17:38:42,936 - __main__ - DEBUG - Writing image info to imagelog file.
2024-05-30 17:38:42,937 - __main__ - DEBUG - Returning estimated DPI: 600
2024-05-30 17:38:42,938 - __main__ - DEBUG - Got DPI, estimated DPI, width and height in points: (600, 600), 600, 419.40000000000003, 600.9599999999999
2024-05-30 17:38:42,938 - __main__ - DEBUG - Converted width and height to inches: 5.825, 8.346666666666666
2024-05-30 17:38:42,938 - __main__ - DEBUG - Found closest page size: A5, (420, 595)
2024-05-30 17:38:42,939 - __main__ - DEBUG - Got layout function: <function get_layout_fun.<locals>.layout_fun at 0x000001A7DBB73EC0>
2024-05-30 17:38:42,939 - __main__ - DEBUG - Got actual page size: 3495, 5008
2024-05-30 17:38:42,939 - __main__ - DEBUG - Set NDPI: 600
2024-05-30 17:38:42,939 - root - ERROR - Error in getting PDF page size from layout_fun: 'int' object is not subscriptable
2024-05-30 17:38:42,939 - root - ERROR - Error in checking page size match: name 'pdf_page_size' is not defined
2024-05-30 17:38:42,939 - __main__ - DEBUG - Appended image path to image_files: TEMP\lossless\FF5 A\ファイナルファンタジーⅤ アドバンス 公式コンプリートガイド_z0002.jp2
2024-05-30 17:38:42,954 - __main__ - DEBUG - Converting images to PDF: ['TEMP\\lossless\\FF5 A\\ファイナルファンタジーⅤ アドバンス 公式コンプリートガイド_cover.jp2', 'TEMP\\lossless\\FF5 A\\ファイナルファンタジーⅤ アドバンス 公式コンプリートガイド_p0000.jp2', 'TEMP\\lossless\\FF5 A\\ファイナルファンタジーⅤ アドバンス 公式コンプリートガイド_p0001.jp2', 'TEMP\\lossless\\FF5 A\\ファイナルファンタジーⅤ アドバンス 公式コンプリートガイド_z0001.jp2', 'TEMP\\lossless\\FF5 A\\ファイナルファンタジーⅤ アドバンス 公式コンプリートガイド_z0002.jp2']
2024-05-30 17:38:43,450 - __main__ - DEBUG - Read PDF file: OriginalPDF\FF5 A.pdf
2024-05-30 17:38:43,451 - __main__ - DEBUG - Simple check passed for: OriginalPDF\FF5 A.pdf
2024-05-30 17:38:43,452 - __main__ - DEBUG - Processing subdir 2 of 4: ドラクエ4
2024-05-30 17:38:43,454 - __main__ - DEBUG - Got images from subdirectory: [WindowsPath('TEMP/lossless/ドラクエ4/ドラゴンクエストⅣ 導かれし者たち 公式ガイドブック_p0008.jp2'), WindowsPath('TEMP/lossless/ドラクエ4/ドラゴンクエストⅣ 導かれし者たち 公式ガイドブック_p0009.jp2')]
2024-05-30 17:38:43,454 - __main__ - DEBUG - Got total images count: 2
2024-05-30 17:38:43,454 - __main__ - DEBUG - Got total _p images count: 0
2024-05-30 17:38:43,454 - __main__ - DEBUG - Set PDF filename: OriginalPDF\ドラクエ4.pdf
2024-05-30 17:38:43,454 - __main__ - DEBUG - Set layout function as None.
2024-05-30 17:38:43,455 - __main__ - DEBUG - Converting image 1 of 2 in subdir ドラクエ4
2024-05-30 17:38:43,455 - __main__ - DEBUG - Got image path and subdirectory name: C:\Data\Documents\Programming\MyProjects\json3pdf\TEMP\lossless\ドラクエ4\ドラゴンクエストⅣ 導かれし者たち 公式ガイドブック_p0008.jp2, ドラクエ4
2024-05-30 17:38:43,456 - __main__ - DEBUG - Set PDF directory name: OriginalPDF
2024-05-30 17:38:43,456 - __main__ - DEBUG - Getting image information.
2024-05-30 17:38:43,456 - __main__ - DEBUG - Image log file path: ./imagelog_folder/imagelog_file.imglog
2024-05-30 17:38:43,456 - __main__ - DEBUG - Image filename: C:\Data\Documents\Programming\MyProjects\json3pdf\TEMP\lossless\ドラクエ4\ドラゴンクエストⅣ 導かれし者たち 公式ガイドブック_p0008.jp2
2024-05-30 17:38:43,456 - __main__ - DEBUG - Image resolution: (3447, 5008)
2024-05-30 17:38:43,457 - __main__ - DEBUG - Image encoding format: JPEG2000
2024-05-30 17:38:43,457 - __main__ - DEBUG - Filename page: 10
2024-05-30 17:38:43,457 - __main__ - DEBUG - Calculating estimated DPI.
2024-05-30 17:38:43,457 - __main__ - DEBUG - Determining if the image is lossless.
2024-05-30 17:38:43,457 - __main__ - DEBUG - Determining if the image is lossless.
2024-05-30 17:38:43,457 - __main__ - DEBUG - Generating image info filename.
2024-05-30 17:38:43,457 - __main__ - DEBUG - Getting the path of the directory where the script is located.
2024-05-30 17:38:43,457 - __main__ - DEBUG - Converting filename to relative path.
2024-05-30 17:38:43,457 - __main__ - DEBUG - Image log file path: TEMP\imagelogs\20240530173843.imglog
2024-05-30 17:38:43,457 - __main__ - DEBUG - Storing image info in a dictionary.
2024-05-30 17:38:43,457 - __main__ - DEBUG - Getting the path of the directory where the script is located.
2024-05-30 17:38:43,457 - __main__ - DEBUG - Converting filename to relative path.
2024-05-30 17:38:43,458 - __main__ - DEBUG - Writing image info to imagelog file.
2024-05-30 17:38:43,458 - __main__ - DEBUG - Returning estimated DPI: 600
2024-05-30 17:38:43,459 - __main__ - DEBUG - Got DPI, estimated DPI, width and height in points: (600, 600), 600, 413.64, 600.9599999999999
2024-05-30 17:38:43,459 - __main__ - DEBUG - Converted width and height to inches: 5.745, 8.346666666666666
2024-05-30 17:38:43,459 - __main__ - DEBUG - Found closest page size: A5, (420, 595)
2024-05-30 17:38:43,460 - __main__ - DEBUG - Got layout function: <function get_layout_fun.<locals>.layout_fun at 0x000001A7DBBBE160>
2024-05-30 17:38:43,460 - __main__ - DEBUG - Got actual page size: 3447, 5008
2024-05-30 17:38:43,460 - __main__ - DEBUG - Set NDPI: 600
2024-05-30 17:38:43,460 - root - ERROR - Error in getting PDF page size from layout_fun: 'int' object is not subscriptable
2024-05-30 17:38:43,460 - root - ERROR - Error in checking page size match: name 'pdf_page_size' is not defined
2024-05-30 17:38:43,460 - __main__ - DEBUG - Appended image path to image_files: TEMP\lossless\ドラクエ4\ドラゴンクエストⅣ 導かれし者たち 公式ガイドブック_p0008.jp2
2024-05-30 17:38:43,460 - __main__ - DEBUG - Converting image 2 of 2 in subdir ドラクエ4
2024-05-30 17:38:43,461 - __main__ - DEBUG - Got image path and subdirectory name: C:\Data\Documents\Programming\MyProjects\json3pdf\TEMP\lossless\ドラクエ4\ドラゴンクエストⅣ 導かれし者たち 公式ガイドブック_p0009.jp2, ドラクエ4
2024-05-30 17:38:43,461 - __main__ - DEBUG - Set PDF directory name: OriginalPDF
2024-05-30 17:38:43,461 - __main__ - DEBUG - Getting image information.
2024-05-30 17:38:43,461 - __main__ - DEBUG - Image log file path: ./imagelog_folder/imagelog_file.imglog
2024-05-30 17:38:43,461 - __main__ - DEBUG - Image filename: C:\Data\Documents\Programming\MyProjects\json3pdf\TEMP\lossless\ドラクエ4\ドラゴンクエストⅣ 導かれし者たち 公式ガイドブック_p0009.jp2
2024-05-30 17:38:43,461 - __main__ - DEBUG - Image resolution: (3455, 5008)
2024-05-30 17:38:43,461 - __main__ - DEBUG - Image encoding format: JPEG2000
2024-05-30 17:38:43,461 - __main__ - DEBUG - Filename page: 11
2024-05-30 17:38:43,462 - __main__ - DEBUG - Calculating estimated DPI.
2024-05-30 17:38:43,462 - __main__ - DEBUG - Determining if the image is lossless.
2024-05-30 17:38:43,462 - __main__ - DEBUG - Determining if the image is lossless.
2024-05-30 17:38:43,462 - __main__ - DEBUG - Generating image info filename.
2024-05-30 17:38:43,462 - __main__ - DEBUG - Getting the path of the directory where the script is located.
2024-05-30 17:38:43,462 - __main__ - DEBUG - Converting filename to relative path.
2024-05-30 17:38:43,462 - __main__ - DEBUG - Image log file path: TEMP\imagelogs\20240530173843.imglog
2024-05-30 17:38:43,462 - __main__ - DEBUG - Storing image info in a dictionary.
2024-05-30 17:38:43,462 - __main__ - DEBUG - Getting the path of the directory where the script is located.
2024-05-30 17:38:43,462 - __main__ - DEBUG - Converting filename to relative path.
2024-05-30 17:38:43,462 - __main__ - DEBUG - Writing image info to imagelog file.
2024-05-30 17:38:43,463 - __main__ - DEBUG - Returning estimated DPI: 600
2024-05-30 17:38:43,464 - __main__ - DEBUG - Got DPI, estimated DPI, width and height in points: (600, 600), 600, 414.6, 600.9599999999999
2024-05-30 17:38:43,464 - __main__ - DEBUG - Converted width and height to inches: 5.758333333333334, 8.346666666666666
2024-05-30 17:38:43,464 - __main__ - DEBUG - Found closest page size: A5, (420, 595)
2024-05-30 17:38:43,464 - __main__ - DEBUG - Got layout function: <function get_layout_fun.<locals>.layout_fun at 0x000001A7DBBBE5C0>
2024-05-30 17:38:43,464 - __main__ - DEBUG - Got actual page size: 3455, 5008
2024-05-30 17:38:43,465 - __main__ - DEBUG - Set NDPI: 600
2024-05-30 17:38:43,465 - root - ERROR - Error in getting PDF page size from layout_fun: 'int' object is not subscriptable
2024-05-30 17:38:43,465 - root - ERROR - Error in checking page size match: name 'pdf_page_size' is not defined
2024-05-30 17:38:43,465 - __main__ - DEBUG - Appended image path to image_files: TEMP\lossless\ドラクエ4\ドラゴンクエストⅣ 導かれし者たち 公式ガイドブック_p0009.jp2
2024-05-30 17:38:43,470 - __main__ - DEBUG - Converting images to PDF: ['TEMP\\lossless\\ドラクエ4\\ドラゴンクエストⅣ 導かれし者たち 公式ガイドブック_p0008.jp2', 'TEMP\\lossless\\ドラクエ4\\ドラゴンクエストⅣ 導かれし者たち 公式ガイドブック_p0009.jp2']
2024-05-30 17:38:43,725 - __main__ - DEBUG - Read PDF file: OriginalPDF\ドラクエ4.pdf
2024-05-30 17:38:43,726 - __main__ - DEBUG - Simple check passed for: OriginalPDF\ドラクエ4.pdf
2024-05-30 17:38:43,726 - __main__ - DEBUG - Processing subdir 3 of 4: FF5 A
2024-05-30 17:38:43,728 - __main__ - DEBUG - Got images from subdirectory: [WindowsPath('TEMP/optimized/FF5 A/ファイナルファンタジーⅤ アドバンス 公式コンプリートガイド_cover.jp2'), WindowsPath('TEMP/optimized/FF5 A/ファイナルファンタジーⅤ アドバンス 公式コンプリートガイド_p0009.jp2'), WindowsPath('TEMP/optimized/FF5 A/ファイナルファンタジーⅤ アドバンス 公式コンプリートガイド_p0010.jp2'), WindowsPath('TEMP/optimized/FF5 A/ファイナルファンタジーⅤ アドバンス 公式コンプリートガイド_z0001 copy.jp2'), WindowsPath('TEMP/optimized/FF5 A/ファイナルファンタジーⅤ アドバンス 公式コンプリートガイド_z0002.jp2')]
2024-05-30 17:38:43,728 - __main__ - DEBUG - Got total images count: 5
2024-05-30 17:38:43,728 - __main__ - DEBUG - Got total _p images count: 0
2024-05-30 17:38:43,728 - __main__ - DEBUG - Set PDF filename: OptimizedPDF\FF5 A.pdf
2024-05-30 17:38:43,729 - __main__ - DEBUG - Set layout function as None.
2024-05-30 17:38:43,729 - __main__ - DEBUG - Converting image 1 of 5 in subdir FF5 A
2024-05-30 17:38:43,729 - __main__ - DEBUG - Got image path and subdirectory name: C:\Data\Documents\Programming\MyProjects\json3pdf\TEMP\optimized\FF5 A\ファイナルファンタジーⅤ アドバンス 公式コンプリートガイド_cover.jp2, FF5 A
2024-05-30 17:38:43,729 - __main__ - DEBUG - Set PDF directory name: OptimizedPDF
2024-05-30 17:38:43,729 - __main__ - DEBUG - Getting image information.
2024-05-30 17:38:43,730 - __main__ - DEBUG - Image log file path: ./imagelog_folder/imagelog_file.imglog
2024-05-30 17:38:43,730 - __main__ - DEBUG - Image filename: C:\Data\Documents\Programming\MyProjects\json3pdf\TEMP\optimized\FF5 A\ファイナルファンタジーⅤ アドバンス 公式コンプリートガイド_cover.jp2
2024-05-30 17:38:43,730 - __main__ - DEBUG - Image resolution: (3487, 5016)
2024-05-30 17:38:43,730 - __main__ - DEBUG - Image encoding format: JPEG2000
2024-05-30 17:38:43,730 - __main__ - DEBUG - Filename page: 1
2024-05-30 17:38:43,730 - __main__ - DEBUG - Calculating estimated DPI.
2024-05-30 17:38:43,730 - __main__ - DEBUG - Determining if the image is lossless.
2024-05-30 17:38:43,730 - __main__ - DEBUG - Determining if the image is lossless.
2024-05-30 17:38:43,730 - __main__ - DEBUG - Generating image info filename.
2024-05-30 17:38:43,730 - __main__ - DEBUG - Getting the path of the directory where the script is located.
2024-05-30 17:38:43,730 - __main__ - DEBUG - Converting filename to relative path.
2024-05-30 17:38:43,730 - __main__ - DEBUG - Image log file path: TEMP\imagelogs\20240530173843.imglog
2024-05-30 17:38:43,730 - __main__ - DEBUG - Storing image info in a dictionary.
2024-05-30 17:38:43,730 - __main__ - DEBUG - Getting the path of the directory where the script is located.
2024-05-30 17:38:43,730 - __main__ - DEBUG - Converting filename to relative path.
2024-05-30 17:38:43,731 - __main__ - DEBUG - Writing image info to imagelog file.
2024-05-30 17:38:43,731 - __main__ - DEBUG - Returning estimated DPI: 600
2024-05-30 17:38:43,732 - __main__ - DEBUG - Got DPI, estimated DPI, width and height in points: (600, 600), 600, 418.44, 601.92
2024-05-30 17:38:43,732 - __main__ - DEBUG - Converted width and height to inches: 5.8116666666666665, 8.36
2024-05-30 17:38:43,732 - __main__ - DEBUG - Found closest page size: A5, (420, 595)
2024-05-30 17:38:43,732 - __main__ - DEBUG - Got layout function: <function get_layout_fun.<locals>.layout_fun at 0x000001A7DBBBEC00>
2024-05-30 17:38:43,733 - __main__ - DEBUG - Got actual page size: 3487, 5016
2024-05-30 17:38:43,733 - __main__ - DEBUG - Set NDPI: 600
2024-05-30 17:38:43,733 - root - ERROR - Error in getting PDF page size from layout_fun: 'int' object is not subscriptable
2024-05-30 17:38:43,733 - root - ERROR - Error in checking page size match: name 'pdf_page_size' is not defined
2024-05-30 17:38:43,733 - __main__ - DEBUG - Appended image path to image_files: TEMP\optimized\FF5 A\ファイナルファンタジーⅤ アドバンス 公式コンプリートガイド_cover.jp2
2024-05-30 17:38:43,733 - __main__ - DEBUG - Converting image 2 of 5 in subdir FF5 A
2024-05-30 17:38:43,734 - __main__ - DEBUG - Got image path and subdirectory name: C:\Data\Documents\Programming\MyProjects\json3pdf\TEMP\optimized\FF5 A\ファイナルファンタジーⅤ アドバンス 公式コンプリートガイド_p0009.jp2, FF5 A
2024-05-30 17:38:43,734 - __main__ - DEBUG - Set PDF directory name: OptimizedPDF
2024-05-30 17:38:43,734 - __main__ - DEBUG - Getting image information.
2024-05-30 17:38:43,734 - __main__ - DEBUG - Image log file path: ./imagelog_folder/imagelog_file.imglog
2024-05-30 17:38:43,734 - __main__ - DEBUG - Image filename: C:\Data\Documents\Programming\MyProjects\json3pdf\TEMP\optimized\FF5 A\ファイナルファンタジーⅤ アドバンス 公式コンプリートガイド_p0009.jp2
2024-05-30 17:38:43,734 - __main__ - DEBUG - Image resolution: (3487, 5016)
2024-05-30 17:38:43,734 - __main__ - DEBUG - Image encoding format: JPEG2000
2024-05-30 17:38:43,734 - __main__ - DEBUG - Filename page: 11
2024-05-30 17:38:43,734 - __main__ - DEBUG - Calculating estimated DPI.
2024-05-30 17:38:43,734 - __main__ - DEBUG - Determining if the image is lossless.
2024-05-30 17:38:43,734 - __main__ - DEBUG - Determining if the image is lossless.
2024-05-30 17:38:43,734 - __main__ - DEBUG - Generating image info filename.
2024-05-30 17:38:43,735 - __main__ - DEBUG - Getting the path of the directory where the script is located.
2024-05-30 17:38:43,735 - __main__ - DEBUG - Converting filename to relative path.
2024-05-30 17:38:43,735 - __main__ - DEBUG - Image log file path: TEMP\imagelogs\20240530173843.imglog
2024-05-30 17:38:43,735 - __main__ - DEBUG - Storing image info in a dictionary.
2024-05-30 17:38:43,735 - __main__ - DEBUG - Getting the path of the directory where the script is located.
2024-05-30 17:38:43,735 - __main__ - DEBUG - Converting filename to relative path.
2024-05-30 17:38:43,735 - __main__ - DEBUG - Writing image info to imagelog file.
2024-05-30 17:38:43,737 - __main__ - DEBUG - Returning estimated DPI: 600
2024-05-30 17:38:43,737 - __main__ - DEBUG - Got DPI, estimated DPI, width and height in points: (600, 600), 600, 418.44, 601.92
2024-05-30 17:38:43,737 - __main__ - DEBUG - Converted width and height to inches: 5.8116666666666665, 8.36
2024-05-30 17:38:43,737 - __main__ - DEBUG - Found closest page size: A5, (420, 595)
2024-05-30 17:38:43,738 - __main__ - DEBUG - Got layout function: <function get_layout_fun.<locals>.layout_fun at 0x000001A7DBBBE340>
2024-05-30 17:38:43,738 - __main__ - DEBUG - Got actual page size: 3487, 5016
2024-05-30 17:38:43,738 - __main__ - DEBUG - Set NDPI: 600
2024-05-30 17:38:43,738 - root - ERROR - Error in getting PDF page size from layout_fun: 'int' object is not subscriptable
2024-05-30 17:38:43,738 - root - ERROR - Error in checking page size match: name 'pdf_page_size' is not defined
2024-05-30 17:38:43,738 - __main__ - DEBUG - Appended image path to image_files: TEMP\optimized\FF5 A\ファイナルファンタジーⅤ アドバンス 公式コンプリートガイド_p0009.jp2
2024-05-30 17:38:43,738 - __main__ - DEBUG - Converting image 3 of 5 in subdir FF5 A
2024-05-30 17:38:43,740 - __main__ - DEBUG - Got image path and subdirectory name: C:\Data\Documents\Programming\MyProjects\json3pdf\TEMP\optimized\FF5 A\ファイナルファンタジーⅤ アドバンス 公式コンプリートガイド_p0010.jp2, FF5 A
2024-05-30 17:38:43,740 - __main__ - DEBUG - Set PDF directory name: OptimizedPDF
2024-05-30 17:38:43,740 - __main__ - DEBUG - Getting image information.
2024-05-30 17:38:43,740 - __main__ - DEBUG - Image log file path: ./imagelog_folder/imagelog_file.imglog
2024-05-30 17:38:43,740 - __main__ - DEBUG - Image filename: C:\Data\Documents\Programming\MyProjects\json3pdf\TEMP\optimized\FF5 A\ファイナルファンタジーⅤ アドバンス 公式コンプリートガイド_p0010.jp2
2024-05-30 17:38:43,740 - __main__ - DEBUG - Image resolution: (3495, 5008)
2024-05-30 17:38:43,740 - __main__ - DEBUG - Image encoding format: JPEG2000
2024-05-30 17:38:43,740 - __main__ - DEBUG - Filename page: 12
2024-05-30 17:38:43,740 - __main__ - DEBUG - Calculating estimated DPI.
2024-05-30 17:38:43,740 - __main__ - DEBUG - Determining if the image is lossless.
2024-05-30 17:38:43,740 - __main__ - DEBUG - Determining if the image is lossless.
2024-05-30 17:38:43,740 - __main__ - DEBUG - Generating image info filename.
2024-05-30 17:38:43,740 - __main__ - DEBUG - Getting the path of the directory where the script is located.
2024-05-30 17:38:43,741 - __main__ - DEBUG - Converting filename to relative path.
2024-05-30 17:38:43,741 - __main__ - DEBUG - Image log file path: TEMP\imagelogs\20240530173843.imglog
2024-05-30 17:38:43,741 - __main__ - DEBUG - Storing image info in a dictionary.
2024-05-30 17:38:43,741 - __main__ - DEBUG - Getting the path of the directory where the script is located.
2024-05-30 17:38:43,741 - __main__ - DEBUG - Converting filename to relative path.
2024-05-30 17:38:43,741 - __main__ - DEBUG - Writing image info to imagelog file.
2024-05-30 17:38:43,742 - __main__ - DEBUG - Returning estimated DPI: 600
2024-05-30 17:38:43,742 - __main__ - DEBUG - Got DPI, estimated DPI, width and height in points: (600, 600), 600, 419.40000000000003, 600.9599999999999
2024-05-30 17:38:43,743 - __main__ - DEBUG - Converted width and height to inches: 5.825, 8.346666666666666
2024-05-30 17:38:43,743 - __main__ - DEBUG - Found closest page size: A5, (420, 595)
2024-05-30 17:38:43,743 - __main__ - DEBUG - Got layout function: <function get_layout_fun.<locals>.layout_fun at 0x000001A7DBBBE020>
2024-05-30 17:38:43,743 - __main__ - DEBUG - Got actual page size: 3495, 5008
2024-05-30 17:38:43,744 - __main__ - DEBUG - Set NDPI: 600
2024-05-30 17:38:43,744 - root - ERROR - Error in getting PDF page size from layout_fun: 'int' object is not subscriptable
2024-05-30 17:38:43,744 - root - ERROR - Error in checking page size match: name 'pdf_page_size' is not defined
2024-05-30 17:38:43,744 - __main__ - DEBUG - Appended image path to image_files: TEMP\optimized\FF5 A\ファイナルファンタジーⅤ アドバンス 公式コンプリートガイド_p0010.jp2
2024-05-30 17:38:43,746 - __main__ - DEBUG - Converting image 4 of 5 in subdir FF5 A
2024-05-30 17:38:43,746 - __main__ - DEBUG - Got image path and subdirectory name: C:\Data\Documents\Programming\MyProjects\json3pdf\TEMP\optimized\FF5 A\ファイナルファンタジーⅤ アドバンス 公式コンプリートガイド_z0001 copy.jp2, FF5 A
2024-05-30 17:38:43,746 - __main__ - DEBUG - Set PDF directory name: OptimizedPDF
2024-05-30 17:38:43,746 - __main__ - DEBUG - Getting image information.
2024-05-30 17:38:43,746 - __main__ - DEBUG - Image log file path: ./imagelog_folder/imagelog_file.imglog
2024-05-30 17:38:43,746 - __main__ - DEBUG - Image filename: C:\Data\Documents\Programming\MyProjects\json3pdf\TEMP\optimized\FF5 A\ファイナルファンタジーⅤ アドバンス 公式コンプリートガイド_z0001 copy.jp2
2024-05-30 17:38:43,746 - __main__ - DEBUG - Image resolution: (3495, 5008)
2024-05-30 17:38:43,746 - __main__ - DEBUG - Image encoding format: JPEG2000
2024-05-30 17:38:43,746 - __main__ - DEBUG - Updated total_p to: 1
2024-05-30 17:38:43,746 - __main__ - DEBUG - Filename page: 4
2024-05-30 17:38:43,746 - __main__ - DEBUG - Calculating estimated DPI.
2024-05-30 17:38:43,746 - __main__ - DEBUG - Determining if the image is lossless.
2024-05-30 17:38:43,746 - __main__ - DEBUG - Determining if the image is lossless.
2024-05-30 17:38:43,746 - __main__ - DEBUG - Generating image info filename.
2024-05-30 17:38:43,746 - __main__ - DEBUG - Getting the path of the directory where the script is located.
2024-05-30 17:38:43,747 - __main__ - DEBUG - Converting filename to relative path.
2024-05-30 17:38:43,747 - __main__ - DEBUG - Image log file path: TEMP\imagelogs\20240530173843.imglog
2024-05-30 17:38:43,747 - __main__ - DEBUG - Storing image info in a dictionary.
2024-05-30 17:38:43,747 - __main__ - DEBUG - Getting the path of the directory where the script is located.
2024-05-30 17:38:43,747 - __main__ - DEBUG - Converting filename to relative path.
2024-05-30 17:38:43,747 - __main__ - DEBUG - Writing image info to imagelog file.
2024-05-30 17:38:43,749 - __main__ - DEBUG - Returning estimated DPI: 600
2024-05-30 17:38:43,749 - __main__ - DEBUG - Got DPI, estimated DPI, width and height in points: (600, 600), 600, 419.40000000000003, 600.9599999999999
2024-05-30 17:38:43,749 - __main__ - DEBUG - Converted width and height to inches: 5.825, 8.346666666666666
2024-05-30 17:38:43,750 - __main__ - DEBUG - Found closest page size: A5, (420, 595)
2024-05-30 17:38:43,750 - __main__ - DEBUG - Got layout function: <function get_layout_fun.<locals>.layout_fun at 0x000001A7DBBBD080>
2024-05-30 17:38:43,750 - __main__ - DEBUG - Got actual page size: 3495, 5008
2024-05-30 17:38:43,750 - __main__ - DEBUG - Set NDPI: 600
2024-05-30 17:38:43,751 - root - ERROR - Error in getting PDF page size from layout_fun: 'int' object is not subscriptable
2024-05-30 17:38:43,751 - root - ERROR - Error in checking page size match: name 'pdf_page_size' is not defined
2024-05-30 17:38:43,751 - __main__ - DEBUG - Appended image path to image_files: TEMP\optimized\FF5 A\ファイナルファンタジーⅤ アドバンス 公式コンプリートガイド_z0001 copy.jp2
2024-05-30 17:38:43,751 - __main__ - DEBUG - Converting image 5 of 5 in subdir FF5 A
2024-05-30 17:38:43,751 - __main__ - DEBUG - Got image path and subdirectory name: C:\Data\Documents\Programming\MyProjects\json3pdf\TEMP\optimized\FF5 A\ファイナルファンタジーⅤ アドバンス 公式コンプリートガイド_z0002.jp2, FF5 A
2024-05-30 17:38:43,752 - __main__ - DEBUG - Set PDF directory name: OptimizedPDF
2024-05-30 17:38:43,752 - __main__ - DEBUG - Getting image information.
2024-05-30 17:38:43,752 - __main__ - DEBUG - Image log file path: ./imagelog_folder/imagelog_file.imglog
2024-05-30 17:38:43,752 - __main__ - DEBUG - Image filename: C:\Data\Documents\Programming\MyProjects\json3pdf\TEMP\optimized\FF5 A\ファイナルファンタジーⅤ アドバンス 公式コンプリートガイド_z0002.jp2
2024-05-30 17:38:43,752 - __main__ - DEBUG - Image resolution: (3495, 5008)
2024-05-30 17:38:43,752 - __main__ - DEBUG - Image encoding format: JPEG2000
2024-05-30 17:38:43,752 - __main__ - DEBUG - Updated total_p to: 1
2024-05-30 17:38:43,752 - __main__ - DEBUG - Filename page: 5
2024-05-30 17:38:43,753 - __main__ - DEBUG - Calculating estimated DPI.
2024-05-30 17:38:43,753 - __main__ - DEBUG - Determining if the image is lossless.
2024-05-30 17:38:43,753 - __main__ - DEBUG - Determining if the image is lossless.
2024-05-30 17:38:43,753 - __main__ - DEBUG - Generating image info filename.
2024-05-30 17:38:43,753 - __main__ - DEBUG - Getting the path of the directory where the script is located.
2024-05-30 17:38:43,753 - __main__ - DEBUG - Converting filename to relative path.
2024-05-30 17:38:43,753 - __main__ - DEBUG - Image log file path: TEMP\imagelogs\20240530173843.imglog
2024-05-30 17:38:43,753 - __main__ - DEBUG - Storing image info in a dictionary.
2024-05-30 17:38:43,755 - __main__ - DEBUG - Getting the path of the directory where the script is located.
2024-05-30 17:38:43,755 - __main__ - DEBUG - Converting filename to relative path.
2024-05-30 17:38:43,755 - __main__ - DEBUG - Writing image info to imagelog file.
2024-05-30 17:38:43,755 - __main__ - DEBUG - Returning estimated DPI: 600
2024-05-30 17:38:43,755 - __main__ - DEBUG - Got DPI, estimated DPI, width and height in points: (600, 600), 600, 419.40000000000003, 600.9599999999999
2024-05-30 17:38:43,755 - __main__ - DEBUG - Converted width and height to inches: 5.825, 8.346666666666666
2024-05-30 17:38:43,755 - __main__ - DEBUG - Found closest page size: A5, (420, 595)
2024-05-30 17:38:43,756 - __main__ - DEBUG - Got layout function: <function get_layout_fun.<locals>.layout_fun at 0x000001A7DBBBCE00>
2024-05-30 17:38:43,757 - __main__ - DEBUG - Got actual page size: 3495, 5008
2024-05-30 17:38:43,757 - __main__ - DEBUG - Set NDPI: 600
2024-05-30 17:38:43,757 - root - ERROR - Error in getting PDF page size from layout_fun: 'int' object is not subscriptable
2024-05-30 17:38:43,757 - root - ERROR - Error in checking page size match: name 'pdf_page_size' is not defined
2024-05-30 17:38:43,757 - __main__ - DEBUG - Appended image path to image_files: TEMP\optimized\FF5 A\ファイナルファンタジーⅤ アドバンス 公式コンプリートガイド_z0002.jp2
2024-05-30 17:38:43,760 - __main__ - DEBUG - Converting images to PDF: ['TEMP\\optimized\\FF5 A\\ファイナルファンタジーⅤ アドバンス 公式コンプリートガイド_cover.jp2', 'TEMP\\optimized\\FF5 A\\ファイナルファンタジーⅤ アドバンス 公式コンプリートガイド_p0009.jp2', 'TEMP\\optimized\\FF5 A\\ファイナルファンタジーⅤ アドバンス 公式コンプリートガイド_p0010.jp2', 'TEMP\\optimized\\FF5 A\\ファイナルファンタジーⅤ アドバンス 公式コンプリートガイド_z0001 copy.jp2', 'TEMP\\optimized\\FF5 A\\ファイナルファンタジーⅤ アドバンス 公式コンプリートガイド_z0002.jp2']
2024-05-30 17:38:43,834 - __main__ - DEBUG - Read PDF file: OptimizedPDF\FF5 A.pdf
2024-05-30 17:38:43,835 - __main__ - DEBUG - Simple check passed for: OptimizedPDF\FF5 A.pdf
2024-05-30 17:38:43,836 - __main__ - DEBUG - Processing subdir 4 of 4: ドラクエ4
2024-05-30 17:38:43,839 - __main__ - DEBUG - Got images from subdirectory: [WindowsPath('TEMP/optimized/ドラクエ4/ドラゴンクエストⅣ 導かれし者たち 公式ガイドブック_p0008.jp2'), WindowsPath('TEMP/optimized/ドラクエ4/ドラゴンクエストⅣ 導かれし者たち 公式ガイドブック_p0009.jp2')]
2024-05-30 17:38:43,839 - __main__ - DEBUG - Got total images count: 2
2024-05-30 17:38:43,839 - __main__ - DEBUG - Got total _p images count: 0
2024-05-30 17:38:43,839 - __main__ - DEBUG - Set PDF filename: OptimizedPDF\ドラクエ4.pdf
2024-05-30 17:38:43,839 - __main__ - DEBUG - Set layout function as None.
2024-05-30 17:38:43,840 - __main__ - DEBUG - Converting image 1 of 2 in subdir ドラクエ4
2024-05-30 17:38:43,841 - __main__ - DEBUG - Got image path and subdirectory name: C:\Data\Documents\Programming\MyProjects\json3pdf\TEMP\optimized\ドラクエ4\ドラゴンクエストⅣ 導かれし者たち 公式ガイドブック_p0008.jp2, ドラクエ4
2024-05-30 17:38:43,841 - __main__ - DEBUG - Set PDF directory name: OptimizedPDF
2024-05-30 17:38:43,841 - __main__ - DEBUG - Getting image information.
2024-05-30 17:38:43,841 - __main__ - DEBUG - Image log file path: ./imagelog_folder/imagelog_file.imglog
2024-05-30 17:38:43,841 - __main__ - DEBUG - Image filename: C:\Data\Documents\Programming\MyProjects\json3pdf\TEMP\optimized\ドラクエ4\ドラゴンクエストⅣ 導かれし者たち 公式ガイドブック_p0008.jp2
2024-05-30 17:38:43,842 - __main__ - DEBUG - Image resolution: (3447, 5008)
2024-05-30 17:38:43,842 - __main__ - DEBUG - Image encoding format: JPEG2000
2024-05-30 17:38:43,842 - __main__ - DEBUG - Filename page: 10
2024-05-30 17:38:43,842 - __main__ - DEBUG - Calculating estimated DPI.
2024-05-30 17:38:43,842 - __main__ - DEBUG - Determining if the image is lossless.
2024-05-30 17:38:43,842 - __main__ - DEBUG - Determining if the image is lossless.
2024-05-30 17:38:43,842 - __main__ - DEBUG - Generating image info filename.
2024-05-30 17:38:43,842 - __main__ - DEBUG - Getting the path of the directory where the script is located.
2024-05-30 17:38:43,842 - __main__ - DEBUG - Converting filename to relative path.
2024-05-30 17:38:43,843 - __main__ - DEBUG - Image log file path: TEMP\imagelogs\20240530173843.imglog
2024-05-30 17:38:43,843 - __main__ - DEBUG - Storing image info in a dictionary.
2024-05-30 17:38:43,843 - __main__ - DEBUG - Getting the path of the directory where the script is located.
2024-05-30 17:38:43,843 - __main__ - DEBUG - Converting filename to relative path.
2024-05-30 17:38:43,843 - __main__ - DEBUG - Writing image info to imagelog file.
2024-05-30 17:38:43,844 - __main__ - DEBUG - Returning estimated DPI: 600
2024-05-30 17:38:43,845 - __main__ - DEBUG - Got DPI, estimated DPI, width and height in points: (600, 600), 600, 413.64, 600.9599999999999
2024-05-30 17:38:43,845 - __main__ - DEBUG - Converted width and height to inches: 5.745, 8.346666666666666
2024-05-30 17:38:43,845 - __main__ - DEBUG - Found closest page size: A5, (420, 595)
2024-05-30 17:38:43,846 - __main__ - DEBUG - Got layout function: <function get_layout_fun.<locals>.layout_fun at 0x000001A7DBBBF560>
2024-05-30 17:38:43,846 - __main__ - DEBUG - Got actual page size: 3447, 5008
2024-05-30 17:38:43,846 - __main__ - DEBUG - Set NDPI: 600
2024-05-30 17:38:43,846 - root - ERROR - Error in getting PDF page size from layout_fun: 'int' object is not subscriptable
2024-05-30 17:38:43,846 - root - ERROR - Error in checking page size match: name 'pdf_page_size' is not defined
2024-05-30 17:38:43,847 - __main__ - DEBUG - Appended image path to image_files: TEMP\optimized\ドラクエ4\ドラゴンクエストⅣ 導かれし者たち 公式ガイドブック_p0008.jp2
2024-05-30 17:38:43,847 - __main__ - DEBUG - Converting image 2 of 2 in subdir ドラクエ4
2024-05-30 17:38:43,848 - __main__ - DEBUG - Got image path and subdirectory name: C:\Data\Documents\Programming\MyProjects\json3pdf\TEMP\optimized\ドラクエ4\ドラゴンクエストⅣ 導かれし者たち 公式ガイドブック_p0009.jp2, ドラクエ4
2024-05-30 17:38:43,848 - __main__ - DEBUG - Set PDF directory name: OptimizedPDF
2024-05-30 17:38:43,848 - __main__ - DEBUG - Getting image information.
2024-05-30 17:38:43,848 - __main__ - DEBUG - Image log file path: ./imagelog_folder/imagelog_file.imglog
2024-05-30 17:38:43,848 - __main__ - DEBUG - Image filename: C:\Data\Documents\Programming\MyProjects\json3pdf\TEMP\optimized\ドラクエ4\ドラゴンクエストⅣ 導かれし者たち 公式ガイドブック_p0009.jp2
2024-05-30 17:38:43,849 - __main__ - DEBUG - Image resolution: (3455, 5008)
2024-05-30 17:38:43,849 - __main__ - DEBUG - Image encoding format: JPEG2000
2024-05-30 17:38:43,849 - __main__ - DEBUG - Filename page: 11
2024-05-30 17:38:43,849 - __main__ - DEBUG - Calculating estimated DPI.
2024-05-30 17:38:43,849 - __main__ - DEBUG - Determining if the image is lossless.
2024-05-30 17:38:43,849 - __main__ - DEBUG - Determining if the image is lossless.
2024-05-30 17:38:43,849 - __main__ - DEBUG - Generating image info filename.
2024-05-30 17:38:43,849 - __main__ - DEBUG - Getting the path of the directory where the script is located.
2024-05-30 17:38:43,850 - __main__ - DEBUG - Converting filename to relative path.
2024-05-30 17:38:43,850 - __main__ - DEBUG - Image log file path: TEMP\imagelogs\20240530173843.imglog
2024-05-30 17:38:43,850 - __main__ - DEBUG - Storing image info in a dictionary.
2024-05-30 17:38:43,850 - __main__ - DEBUG - Getting the path of the directory where the script is located.
2024-05-30 17:38:43,850 - __main__ - DEBUG - Converting filename to relative path.
2024-05-30 17:38:43,850 - __main__ - DEBUG - Writing image info to imagelog file.
2024-05-30 17:38:43,851 - __main__ - DEBUG - Returning estimated DPI: 600
2024-05-30 17:38:43,852 - __main__ - DEBUG - Got DPI, estimated DPI, width and height in points: (600, 600), 600, 414.6, 600.9599999999999
2024-05-30 17:38:43,852 - __main__ - DEBUG - Converted width and height to inches: 5.758333333333334, 8.346666666666666
2024-05-30 17:38:43,852 - __main__ - DEBUG - Found closest page size: A5, (420, 595)
2024-05-30 17:38:43,853 - __main__ - DEBUG - Got layout function: <function get_layout_fun.<locals>.layout_fun at 0x000001A7DBBBF9C0>
2024-05-30 17:38:43,853 - __main__ - DEBUG - Got actual page size: 3455, 5008
2024-05-30 17:38:43,853 - __main__ - DEBUG - Set NDPI: 600
2024-05-30 17:38:43,853 - root - ERROR - Error in getting PDF page size from layout_fun: 'int' object is not subscriptable
2024-05-30 17:38:43,853 - root - ERROR - Error in checking page size match: name 'pdf_page_size' is not defined
2024-05-30 17:38:43,854 - __main__ - DEBUG - Appended image path to image_files: TEMP\optimized\ドラクエ4\ドラゴンクエストⅣ 導かれし者たち 公式ガイドブック_p0009.jp2
2024-05-30 17:38:43,855 - __main__ - DEBUG - Converting images to PDF: ['TEMP\\optimized\\ドラクエ4\\ドラゴンクエストⅣ 導かれし者たち 公式ガイドブック_p0008.jp2', 'TEMP\\optimized\\ドラクエ4\\ドラゴンクエストⅣ 導かれし者たち 公式ガイドブック_p0009.jp2']
2024-05-30 17:38:43,885 - __main__ - DEBUG - Read PDF file: OptimizedPDF\ドラクエ4.pdf
2024-05-30 17:38:43,886 - __main__ - DEBUG - Simple check passed for: OptimizedPDF\ドラクエ4.pdf
